[2026-04-16T15:13:36Z] ==========================================
[2026-04-16T15:13:36Z] OceanBase Benchmark (nmysql standalone)
[2026-04-16T15:13:36Z] Cluster:   rds_prod_standalone_20260416
[2026-04-16T15:13:36Z] Host:      13.83.163.165:2881
[2026-04-16T15:13:36Z] Tables:    90 x 500000
[2026-04-16T15:13:36Z] Run:       300s per case
[2026-04-16T15:13:36Z] Warmup:    120s (50 threads)
[2026-04-16T15:13:36Z] Threads:   20 50 100 200
[2026-04-16T15:13:36Z] Workloads: oltp_read_only oltp_read_write
[2026-04-16T15:13:36Z] CSV:       /tmp/oceanbase-bench/rds_prod_standalone_20260416.csv
[2026-04-16T15:13:36Z] LOG:       /tmp/oceanbase-bench/rds_prod_standalone_20260416.log
[2026-04-16T15:13:36Z] ==========================================
[2026-04-16T15:13:36Z] [0/4] Ensuring database 'sbtest' exists...
[2026-04-16T15:13:36Z] [1/4] Preparing data (90 tables x 500000 rows)...
sysbench 1.0.20 (using system LuaJIT 2.1.0-beta3)

Initializing worker threads...

Creating table 'sbtest39'...
Creating table 'sbtest7'...
Creating table 'sbtest28'...
Creating table 'sbtest37'...
Creating table 'sbtest38'...
Creating table 'sbtest12'...
Creating table 'sbtest44'...
Creating table 'sbtest14'...
Creating table 'sbtest13'...
Creating table 'sbtest25'...
Creating table 'sbtest5'...
Creating table 'sbtest22'...
Creating table 'sbtest24'...
Creating table 'sbtest40'...
Creating table 'sbtest36'...
Creating table 'sbtest9'...
Creating table 'sbtest23'...
Creating table 'sbtest46'...
Creating table 'sbtest49'...
Creating table 'sbtest32'...
Creating table 'sbtest2'...
Creating table 'sbtest30'...
Creating table 'sbtest43'...
Creating table 'sbtest18'...
Creating table 'sbtest15'...
Creating table 'sbtest11'...
Creating table 'sbtest35'...
Creating table 'sbtest8'...
Creating table 'sbtest17'...
Creating table 'sbtest10'...
Creating table 'sbtest29'...
Creating table 'sbtest19'...
Creating table 'sbtest1'...
Creating table 'sbtest21'...
Creating table 'sbtest26'...
Creating table 'sbtest41'...
Creating table 'sbtest42'...
Creating table 'sbtest31'...
Creating table 'sbtest20'...
Creating table 'sbtest16'...
Creating table 'sbtest4'...
Creating table 'sbtest34'...
Creating table 'sbtest3'...
Creating table 'sbtest47'...
Creating table 'sbtest45'...
Creating table 'sbtest6'...
Creating table 'sbtest50'...
Creating table 'sbtest33'...
Creating table 'sbtest27'...
Creating table 'sbtest48'...
Inserting 500000 records into 'sbtest12'
Inserting 500000 records into 'sbtest28'
Inserting 500000 records into 'sbtest38'
Inserting 500000 records into 'sbtest39'
Inserting 500000 records into 'sbtest7'
Inserting 500000 records into 'sbtest5'
Inserting 500000 records into 'sbtest13'
Inserting 500000 records into 'sbtest14'
Inserting 500000 records into 'sbtest37'
Inserting 500000 records into 'sbtest25'
Inserting 500000 records into 'sbtest44'
Inserting 500000 records into 'sbtest24'
Inserting 500000 records into 'sbtest46'
Inserting 500000 records into 'sbtest9'
Inserting 500000 records into 'sbtest40'
Inserting 500000 records into 'sbtest22'
Inserting 500000 records into 'sbtest32'
Inserting 500000 records into 'sbtest23'
Inserting 500000 records into 'sbtest36'
Inserting 500000 records into 'sbtest11'
Inserting 500000 records into 'sbtest18'
Inserting 500000 records into 'sbtest30'
Inserting 500000 records into 'sbtest49'
Inserting 500000 records into 'sbtest15'
Inserting 500000 records into 'sbtest43'
Inserting 500000 records into 'sbtest2'
Inserting 500000 records into 'sbtest29'
Inserting 500000 records into 'sbtest17'
Inserting 500000 records into 'sbtest35'
Inserting 500000 records into 'sbtest10'
Inserting 500000 records into 'sbtest8'
Inserting 500000 records into 'sbtest21'
Inserting 500000 records into 'sbtest19'
Inserting 500000 records into 'sbtest41'
Inserting 500000 records into 'sbtest31'
Inserting 500000 records into 'sbtest26'
Inserting 500000 records into 'sbtest1'
Inserting 500000 records into 'sbtest42'
Inserting 500000 records into 'sbtest34'
Inserting 500000 records into 'sbtest47'
Inserting 500000 records into 'sbtest20'
Inserting 500000 records into 'sbtest16'
Inserting 500000 records into 'sbtest3'
Inserting 500000 records into 'sbtest4'
Inserting 500000 records into 'sbtest50'
Inserting 500000 records into 'sbtest45'
Inserting 500000 records into 'sbtest6'
Inserting 500000 records into 'sbtest33'
Inserting 500000 records into 'sbtest48'
Inserting 500000 records into 'sbtest27'
Creating a secondary index on 'sbtest15'...
Creating a secondary index on 'sbtest13'...
Creating a secondary index on 'sbtest36'...
Creating a secondary index on 'sbtest35'...
Creating a secondary index on 'sbtest28'...
Creating a secondary index on 'sbtest40'...
Creating a secondary index on 'sbtest37'...
Creating a secondary index on 'sbtest46'...
Creating a secondary index on 'sbtest38'...
Creating a secondary index on 'sbtest44'...
Creating a secondary index on 'sbtest25'...
Creating a secondary index on 'sbtest7'...
Creating a secondary index on 'sbtest26'...
Creating a secondary index on 'sbtest11'...
Creating a secondary index on 'sbtest19'...
Creating a secondary index on 'sbtest39'...
Creating a secondary index on 'sbtest23'...
Creating a secondary index on 'sbtest9'...
Creating a secondary index on 'sbtest4'...
Creating a secondary index on 'sbtest43'...
Creating a secondary index on 'sbtest3'...
Creating a secondary index on 'sbtest14'...
Creating a secondary index on 'sbtest47'...
Creating a secondary index on 'sbtest21'...
Creating a secondary index on 'sbtest8'...
Creating a secondary index on 'sbtest42'...
Creating a secondary index on 'sbtest2'...
Creating a secondary index on 'sbtest17'...
Creating a secondary index on 'sbtest12'...
Creating a secondary index on 'sbtest1'...
Creating a secondary index on 'sbtest27'...
Creating a secondary index on 'sbtest31'...
Creating a secondary index on 'sbtest49'...
Creating a secondary index on 'sbtest5'...
Creating a secondary index on 'sbtest24'...
Creating a secondary index on 'sbtest48'...
Creating a secondary index on 'sbtest6'...
Creating a secondary index on 'sbtest34'...
Creating a secondary index on 'sbtest32'...
Creating a secondary index on 'sbtest22'...
Creating a secondary index on 'sbtest10'...
Creating a secondary index on 'sbtest29'...
Creating a secondary index on 'sbtest33'...
Creating a secondary index on 'sbtest18'...
Creating a secondary index on 'sbtest30'...
Creating a secondary index on 'sbtest50'...
Creating a secondary index on 'sbtest41'...
Creating a secondary index on 'sbtest20'...
Creating a secondary index on 'sbtest16'...
Creating a secondary index on 'sbtest45'...
Creating table 'sbtest65'...
Inserting 500000 records into 'sbtest65'
Creating table 'sbtest63'...
Inserting 500000 records into 'sbtest63'
Creating a secondary index on 'sbtest65'...
Creating a secondary index on 'sbtest63'...
Creating table 'sbtest86'...
Inserting 500000 records into 'sbtest86'
Creating table 'sbtest85'...
Inserting 500000 records into 'sbtest85'
Creating a secondary index on 'sbtest86'...
Creating table 'sbtest78'...
Inserting 500000 records into 'sbtest78'
Creating a secondary index on 'sbtest85'...
Creating table 'sbtest90'...
Inserting 500000 records into 'sbtest90'
Creating a secondary index on 'sbtest78'...
Creating table 'sbtest87'...
Inserting 500000 records into 'sbtest87'
Creating a secondary index on 'sbtest90'...
Creating a secondary index on 'sbtest87'...
Creating table 'sbtest88'...
Inserting 500000 records into 'sbtest88'
Creating table 'sbtest75'...
Inserting 500000 records into 'sbtest75'
Creating a secondary index on 'sbtest88'...
Creating table 'sbtest57'...
Inserting 500000 records into 'sbtest57'
Creating a secondary index on 'sbtest75'...
Creating table 'sbtest76'...
Inserting 500000 records into 'sbtest76'
Creating a secondary index on 'sbtest57'...
Creating table 'sbtest61'...
Inserting 500000 records into 'sbtest61'
Creating a secondary index on 'sbtest76'...
Creating table 'sbtest69'...
Inserting 500000 records into 'sbtest69'
Creating a secondary index on 'sbtest61'...
Creating table 'sbtest89'...
Inserting 500000 records into 'sbtest89'
Creating a secondary index on 'sbtest69'...
Creating table 'sbtest73'...
Inserting 500000 records into 'sbtest73'
Creating a secondary index on 'sbtest89'...
Creating table 'sbtest59'...
Inserting 500000 records into 'sbtest59'
Creating a secondary index on 'sbtest73'...
Creating table 'sbtest54'...
Inserting 500000 records into 'sbtest54'
Creating a secondary index on 'sbtest59'...
Creating a secondary index on 'sbtest54'...
Creating table 'sbtest53'...
Inserting 500000 records into 'sbtest53'
Creating a secondary index on 'sbtest53'...
Creating table 'sbtest64'...
Inserting 500000 records into 'sbtest64'
Creating a secondary index on 'sbtest64'...
Creating table 'sbtest71'...
Inserting 500000 records into 'sbtest71'
Creating a secondary index on 'sbtest71'...
Creating table 'sbtest58'...
Inserting 500000 records into 'sbtest58'
Creating a secondary index on 'sbtest58'...
Creating table 'sbtest52'...
Inserting 500000 records into 'sbtest52'
Creating a secondary index on 'sbtest52'...
Creating table 'sbtest67'...
Inserting 500000 records into 'sbtest67'
Creating a secondary index on 'sbtest67'...
Creating table 'sbtest62'...
Inserting 500000 records into 'sbtest62'
Creating a secondary index on 'sbtest62'...
Creating table 'sbtest51'...
Inserting 500000 records into 'sbtest51'
Creating a secondary index on 'sbtest51'...
Creating table 'sbtest77'...
Inserting 500000 records into 'sbtest77'
Creating a secondary index on 'sbtest77'...
Creating table 'sbtest81'...
Inserting 500000 records into 'sbtest81'
Creating a secondary index on 'sbtest81'...
Creating table 'sbtest55'...
Inserting 500000 records into 'sbtest55'
Creating a secondary index on 'sbtest55'...
Creating table 'sbtest74'...
Inserting 500000 records into 'sbtest74'
Creating a secondary index on 'sbtest74'...
Creating table 'sbtest56'...
Inserting 500000 records into 'sbtest56'
Creating a secondary index on 'sbtest56'...
Creating table 'sbtest84'...
Inserting 500000 records into 'sbtest84'
Creating a secondary index on 'sbtest84'...
Creating table 'sbtest82'...
Inserting 500000 records into 'sbtest82'
Creating a secondary index on 'sbtest82'...
Creating table 'sbtest72'...
Creating table 'sbtest60'...
Inserting 500000 records into 'sbtest72'
Inserting 500000 records into 'sbtest60'
Creating table 'sbtest79'...
Inserting 500000 records into 'sbtest79'
Creating a secondary index on 'sbtest60'...
Creating a secondary index on 'sbtest72'...
Creating a secondary index on 'sbtest79'...
Creating table 'sbtest83'...
Inserting 500000 records into 'sbtest83'
Creating a secondary index on 'sbtest83'...
Creating table 'sbtest68'...
Inserting 500000 records into 'sbtest68'
Creating a secondary index on 'sbtest68'...
Creating table 'sbtest80'...
Inserting 500000 records into 'sbtest80'
Creating a secondary index on 'sbtest80'...
Creating table 'sbtest70'...
Inserting 500000 records into 'sbtest70'
Creating a secondary index on 'sbtest70'...
Creating table 'sbtest66'...
Inserting 500000 records into 'sbtest66'
Creating a secondary index on 'sbtest66'...
[2026-04-16T15:24:13Z] [2/4] Warmup (50 threads, 120s)...
[2026-04-16T15:26:13Z] [3/4] Running read-only gradient stress test
[2026-04-16T15:26:13Z] Case: workload=oltp_read_only, threads=20, duration=300s
[2026-04-16T15:31:16Z] OK: TPS=776.02, P95=47.47ms, Avg=25.77ms
[2026-04-16T15:31:16Z] Cooling down 30s
[2026-04-16T15:31:46Z] Case: workload=oltp_read_only, threads=50, duration=300s
[2026-04-16T15:36:51Z] OK: TPS=655.33, P95=153.02ms, Avg=76.29ms
[2026-04-16T15:36:51Z] Cooling down 30s
[2026-04-16T15:37:21Z] Case: workload=oltp_read_only, threads=100, duration=300s
[2026-04-16T15:42:31Z] OK: TPS=839.16, P95=150.29ms, Avg=119.15ms
[2026-04-16T15:42:31Z] Cooling down 30s
[2026-04-16T15:43:01Z] Case: workload=oltp_read_only, threads=200, duration=300s
[2026-04-16T15:48:11Z] OK: TPS=1007.99, P95=257.95ms, Avg=198.32ms
[2026-04-16T15:48:11Z] Cooling down 30s
[2026-04-16T15:48:41Z] [4/4] Running read-write gradient stress test
[2026-04-16T15:48:41Z] Case: workload=oltp_read_write, threads=20, duration=300s
[2026-04-16T15:53:51Z] OK: TPS=991.71, P95=31.37ms, Avg=20.17ms
[2026-04-16T15:53:51Z] Cooling down 30s
[2026-04-16T15:54:21Z] Case: workload=oltp_read_write, threads=50, duration=300s
[2026-04-16T15:59:32Z] OK: TPS=907.08, P95=87.56ms, Avg=55.10ms
[2026-04-16T15:59:32Z] Cooling down 30s
[2026-04-16T16:00:02Z] Case: workload=oltp_read_write, threads=100, duration=300s
[2026-04-16T16:05:12Z] OK: TPS=782.08, P95=200.47ms, Avg=127.85ms
[2026-04-16T16:05:12Z] Cooling down 30s
[2026-04-16T16:05:42Z] Case: workload=oltp_read_write, threads=200, duration=300s
[2026-04-16T16:10:52Z] OK: TPS=670.57, P95=475.79ms, Avg=298.18ms
[2026-04-16T16:10:52Z] Cooling down 30s
[2026-04-16T16:11:22Z] ==========================================
[2026-04-16T16:11:22Z] Benchmark complete
[2026-04-16T16:11:22Z] CSV: /tmp/oceanbase-bench/rds_prod_standalone_20260416.csv
[2026-04-16T16:11:22Z] ==========================================
